Using pre-set license
Built from '2020.3/staging' branch; Version is '2020.3.10f1 (297d780c91bc) revision 2719096'; Using compiler version '192528614'; Build Type 'Release'
OS: 'Windows 10 Education; OS build 18363.1556; Version 1909; 64bit' Language: 'ko' Physical Memory: 7877 MB
BatchMode: 1, IsHumanControllingUs: 0, StartBugReporterOnCrash: 0, Is64bit: 1, IsPro: 0

 COMMAND LINE ARGUMENTS:
C:\Program Files\Unity\Hub\Editor\2020.3.10f1\Editor\Unity.exe
-adb2
-batchMode
-noUpm
-name
AssetImportWorker0
-projectPath
C:/Users/User/Documents/GitHub/MobileTutorials/FirstMobile
-logFile
Logs/AssetImportWorker0.log
-srvPort
63129
Successfully changed project path to: C:/Users/User/Documents/GitHub/MobileTutorials/FirstMobile
C:/Users/User/Documents/GitHub/MobileTutorials/FirstMobile
Using Asset Import Pipeline V2.
Refreshing native plugins compatible for Editor in 249.00 ms, found 3 plugins.
Preloading 0 native plugins for Editor in 0.00 ms.
Initialize engine version: 2020.3.10f1 (297d780c91bc)
[Subsystems] Discovering subsystems at path C:/Program Files/Unity/Hub/Editor/2020.3.10f1/Editor/Data/Resources/UnitySubsystems
[Subsystems] Discovering subsystems at path C:/Users/User/Documents/GitHub/MobileTutorials/FirstMobile/Assets
GfxDevice: creating device client; threaded=0
Direct3D:
    Version:  Direct3D 11.0 [level 11.1]
    Renderer: Intel(R) UHD Graphics (ID=0x8a56)
    Vendor:   
    VRAM:     3938 MB
    Driver:   26.20.100.7926
Initialize mono
Mono path[0] = 'C:/Program Files/Unity/Hub/Editor/2020.3.10f1/Editor/Data/Managed'
Mono path[1] = 'C:/Program Files/Unity/Hub/Editor/2020.3.10f1/Editor/Data/MonoBleedingEdge/lib/mono/unityjit'
Mono config path = 'C:/Program Files/Unity/Hub/Editor/2020.3.10f1/Editor/Data/MonoBleedingEdge/etc'
Using monoOptions --debugger-agent=transport=dt_socket,embedding=1,server=y,suspend=n,address=127.0.0.1:56604
Begin MonoManager ReloadAssembly
Registering precompiled unity dll's ...
Register platform support module: C:/Program Files/Unity/Hub/Editor/2020.3.10f1/Editor/Data/PlaybackEngines/WindowsStandaloneSupport/UnityEditor.WindowsStandalone.Extensions.dll
Registered in 0.008568 seconds.
Native extension for WindowsStandalone target not found
Refreshing native plugins compatible for Editor in 154.68 ms, found 3 plugins.
Preloading 0 native plugins for Editor in 0.00 ms.
Mono: successfully reloaded assembly
- Completed reload, in  3.296 seconds
Platform modules already initialized, skipping
Registering precompiled user dll's ...
Registered in 0.032207 seconds.
Begin MonoManager ReloadAssembly
Native extension for WindowsStandalone target not found
Refreshing native plugins compatible for Editor in 139.28 ms, found 3 plugins.
Preloading 0 native plugins for Editor in 0.00 ms.
Mono: successfully reloaded assembly
- Completed reload, in  2.377 seconds
Platform modules already initialized, skipping
========================================================================
Worker process is ready to serve import requests
Launched and connected shader compiler UnityShaderCompiler.exe after 0.10 seconds
Refreshing native plugins compatible for Editor in 0.95 ms, found 3 plugins.
Preloading 0 native plugins for Editor in 0.00 ms.
Unloading 2549 Unused Serialized files (Serialized files now loaded: 0)
System memory in use before: 105.2 MB.
System memory in use after: 105.2 MB.

Unloading 69 unused Assets to reduce memory usage. Loaded Objects now: 2949.
Total: 7.386600 ms (FindLiveObjects: 0.289900 ms CreateObjectMapping: 0.126300 ms MarkObjects: 6.760400 ms  DeleteObjects: 0.207900 ms)

========================================================================
Received Import Request.
  path: Packages/com.unity.2d.spriteshape/Editor/ObjectMenuCreation/DefaultAssets/Sprite Shapes/Open Sprite Shape.prefab
  artifactKey: Guid(86ae7de409eb54f619fb1328e4d42480) Importer(815301076,1909f56bfc062723c751e8b465ee728b)
Start importing Packages/com.unity.2d.spriteshape/Editor/ObjectMenuCreation/DefaultAssets/Sprite Shapes/Open Sprite Shape.prefab using Guid(86ae7de409eb54f619fb1328e4d42480) Importer(815301076,1909f56bfc062723c751e8b465ee728b)  -> (artifact id: 'bdee885e51b9ccf0fcef3a7dbe274ecc') in 0.118475 seconds
  Import took 0.124868 seconds .

========================================================================
Received Import Request.
  Time since last request: 0.000423 seconds.
  path: Packages/com.unity.2d.common/package.json
  artifactKey: Guid(68f1917ec3cac45b080c26153375c2bb) Importer(815301076,1909f56bfc062723c751e8b465ee728b)
Start importing Packages/com.unity.2d.common/package.json using Guid(68f1917ec3cac45b080c26153375c2bb) Importer(815301076,1909f56bfc062723c751e8b465ee728b)  -> (artifact id: 'bcdb1d9f21cd3ec447b7f1a49f5c4f7c') in 0.058852 seconds
  Import took 0.065816 seconds .

========================================================================
Received Import Request.
  Time since last request: 0.000428 seconds.
  path: Packages/com.unity.analytics/package.json
  artifactKey: Guid(510d1d319d2754ea4a47c6dd8c421ea0) Importer(815301076,1909f56bfc062723c751e8b465ee728b)
Start importing Packages/com.unity.analytics/package.json using Guid(510d1d319d2754ea4a47c6dd8c421ea0) Importer(815301076,1909f56bfc062723c751e8b465ee728b)  -> (artifact id: 'c561980c4e7c5bd30d711581e02bf39c') in 0.009186 seconds
  Import took 0.016863 seconds .

========================================================================
Received Import Request.
  Time since last request: 0.000456 seconds.
  path: Packages/com.unity.analytics/DataPrivacy/DataPrivacyButton.prefab
  artifactKey: Guid(71b11355001648444b41d17fd36c150d) Importer(815301076,1909f56bfc062723c751e8b465ee728b)
Start importing Packages/com.unity.analytics/DataPrivacy/DataPrivacyButton.prefab using Guid(71b11355001648444b41d17fd36c150d) Importer(815301076,1909f56bfc062723c751e8b465ee728b)  -> (artifact id: '09f9b9e315ebd1998aa1d3e23c6e34d4') in 0.108400 seconds
  Import took 0.116801 seconds .

========================================================================
Received Import Request.
  Time since last request: 0.000395 seconds.
  path: Packages/com.unity.2d.spriteshape/Editor/ObjectMenuCreation/DefaultAssets/Sprite Shapes/Closed Sprite Shape.prefab
  artifactKey: Guid(c0583b4e855c74b8c82e7b9b5efb5ce9) Importer(815301076,1909f56bfc062723c751e8b465ee728b)
Start importing Packages/com.unity.2d.spriteshape/Editor/ObjectMenuCreation/DefaultAssets/Sprite Shapes/Closed Sprite Shape.prefab using Guid(c0583b4e855c74b8c82e7b9b5efb5ce9) Importer(815301076,1909f56bfc062723c751e8b465ee728b)  -> (artifact id: '2cce7a24742fd5e8a8ab2da20c69032f') in 0.026316 seconds
  Import took 0.035918 seconds .

========================================================================
Received Import Request.
  Time since last request: 0.000445 seconds.
  path: Packages/com.unity.2d.animation/package.json
  artifactKey: Guid(9e83c20a8293f44ec8a375d3805f477d) Importer(815301076,1909f56bfc062723c751e8b465ee728b)
Start importing Packages/com.unity.2d.animation/package.json using Guid(9e83c20a8293f44ec8a375d3805f477d) Importer(815301076,1909f56bfc062723c751e8b465ee728b)  -> (artifact id: '3115b48e40e55f180cb1a4fe2fc5e8aa') in 0.020777 seconds
  Import took 0.027904 seconds .

========================================================================
Received Import Request.
  Time since last request: 0.000522 seconds.
  path: Packages/com.unity.xr.legacyinputhelpers/Prefabs/XRRig.prefab
  artifactKey: Guid(c116b7497ab8ca34c9188965d4295e27) Importer(815301076,1909f56bfc062723c751e8b465ee728b)
Start importing Packages/com.unity.xr.legacyinputhelpers/Prefabs/XRRig.prefab using Guid(c116b7497ab8ca34c9188965d4295e27) Importer(815301076,1909f56bfc062723c751e8b465ee728b)  -> (artifact id: '4e0993ac88694dc4088532330439dbe4') in 0.032606 seconds
  Import took 0.042846 seconds .

========================================================================
Received Import Request.
  Time since last request: 0.017549 seconds.
  path: Packages/com.unity.xr.legacyinputhelpers/Prefabs/XRRig.prefab
  artifactKey: Guid(c116b7497ab8ca34c9188965d4295e27) Importer(815301076,1909f56bfc062723c751e8b465ee728b)
Start importing Packages/com.unity.xr.legacyinputhelpers/Prefabs/XRRig.prefab using Guid(c116b7497ab8ca34c9188965d4295e27) Importer(815301076,1909f56bfc062723c751e8b465ee728b)  -> (artifact id: '4e0993ac88694dc4088532330439dbe4') in 0.014481 seconds
  Import took 0.022643 seconds .

========================================================================
Received Import Request.
  Time since last request: 1.621022 seconds.
  path: Packages/com.unity.ugui/package.json
  artifactKey: Guid(319b8889f363f5947acf209c17a94149) Importer(815301076,1909f56bfc062723c751e8b465ee728b)
Start importing Packages/com.unity.ugui/package.json using Guid(319b8889f363f5947acf209c17a94149) Importer(815301076,1909f56bfc062723c751e8b465ee728b)  -> (artifact id: '39d1f12f0f4420a8b9dea50868bbb5d0') in 0.019535 seconds
  Import took 0.027169 seconds .

========================================================================
Received Import Request.
  Time since last request: 316.779212 seconds.
  path: Assets/Arts/Avatar.png
  artifactKey: Guid(53350871e59a46842a273b1c2a3d1b1a) Importer(815301076,1909f56bfc062723c751e8b465ee728b)
Start importing Assets/Arts/Avatar.png using Guid(53350871e59a46842a273b1c2a3d1b1a) Importer(815301076,1909f56bfc062723c751e8b465ee728b)  -> (artifact id: '443a891b320696816e937535d628fae0') in 0.228232 seconds
  Import took 0.236192 seconds .

========================================================================
Received Import Request.
  Time since last request: 0.000364 seconds.
  path: Assets/Arts/GameOverBackground.png
  artifactKey: Guid(64374abc2d5be454f948b70bcc809eab) Importer(815301076,1909f56bfc062723c751e8b465ee728b)
Start importing Assets/Arts/GameOverBackground.png using Guid(64374abc2d5be454f948b70bcc809eab) Importer(815301076,1909f56bfc062723c751e8b465ee728b)  -> (artifact id: 'c9ede1145d222341eeea77c00416d9b1') in 0.044236 seconds
  Import took 0.052623 seconds .

========================================================================
Received Import Request.
  Time since last request: 0.000448 seconds.
  path: Assets/Arts/Player.png
  artifactKey: Guid(a9561429e17321f49ac551707a3fc3a5) Importer(815301076,1909f56bfc062723c751e8b465ee728b)
Start importing Assets/Arts/Player.png using Guid(a9561429e17321f49ac551707a3fc3a5) Importer(815301076,1909f56bfc062723c751e8b465ee728b)  -> (artifact id: '2f94c3038447c40f7cbfe252e2c98bf7') in 0.049456 seconds
  Import took 0.059657 seconds .

========================================================================
Received Import Request.
  Time since last request: 0.000409 seconds.
  path: Assets/Arts/GroundSprite.png
  artifactKey: Guid(fb44f9645167c554a87c4658e765ad25) Importer(815301076,1909f56bfc062723c751e8b465ee728b)
Start importing Assets/Arts/GroundSprite.png using Guid(fb44f9645167c554a87c4658e765ad25) Importer(815301076,1909f56bfc062723c751e8b465ee728b)  -> (artifact id: '850486666319c6ecbfc674248c67d04b') in 0.037136 seconds
  Import took 0.046577 seconds .

========================================================================
Received Import Request.
  Time since last request: 0.000455 seconds.
  path: Assets/Arts/CoinSprite.png
  artifactKey: Guid(9415f31e848222f4dabeea70972fa27a) Importer(815301076,1909f56bfc062723c751e8b465ee728b)
Start importing Assets/Arts/CoinSprite.png using Guid(9415f31e848222f4dabeea70972fa27a) Importer(815301076,1909f56bfc062723c751e8b465ee728b)  -> (artifact id: '549fc866659e89a77e5950494d5cd316') in 0.031842 seconds
  Import took 0.041150 seconds .

========================================================================
Received Import Request.
  Time since last request: 0.000452 seconds.
  path: Assets/Arts/PlayAgain.png
  artifactKey: Guid(658e566d15c39ec4193695b21a730ca8) Importer(815301076,1909f56bfc062723c751e8b465ee728b)
Start importing Assets/Arts/PlayAgain.png using Guid(658e566d15c39ec4193695b21a730ca8) Importer(815301076,1909f56bfc062723c751e8b465ee728b)  -> (artifact id: 'bd389c50bf5563c68276e99f6af98b52') in 0.039526 seconds
  Import took 0.049674 seconds .

========================================================================
Received Import Request.
  Time since last request: 0.000525 seconds.
  path: Assets/Fonts/Lourdes Regular.otf
  artifactKey: Guid(b4a9ea12fd179364194ba44895683fc3) Importer(815301076,1909f56bfc062723c751e8b465ee728b)
Start importing Assets/Fonts/Lourdes Regular.otf using Guid(b4a9ea12fd179364194ba44895683fc3) Importer(815301076,1909f56bfc062723c751e8b465ee728b)  -> (artifact id: '89d16ede8240f1238711c885dbb104c4') in 0.169649 seconds
  Import took 0.180609 seconds .

========================================================================
Received Import Request.
  Time since last request: 0.000495 seconds.
  path: Assets/Arts/Quit.png
  artifactKey: Guid(87fa8841c58f35a4498faa562cf229a5) Importer(815301076,1909f56bfc062723c751e8b465ee728b)
Start importing Assets/Arts/Quit.png using Guid(87fa8841c58f35a4498faa562cf229a5) Importer(815301076,1909f56bfc062723c751e8b465ee728b)  -> (artifact id: 'b520a83cb39a609afdf5ad983232b383') in 0.046040 seconds
  Import took 0.057296 seconds .

========================================================================
Received Import Request.
  Time since last request: 0.000585 seconds.
  path: Assets/Arts/Play Now.png
  artifactKey: Guid(d8510b2e74cd36a4ba3592cc55f43326) Importer(815301076,1909f56bfc062723c751e8b465ee728b)
Start importing Assets/Arts/Play Now.png using Guid(d8510b2e74cd36a4ba3592cc55f43326) Importer(815301076,1909f56bfc062723c751e8b465ee728b)  -> (artifact id: '059404e22e08086308436c14b8bf15dd') in 0.041096 seconds
  Import took 0.053310 seconds .

========================================================================
Received Import Request.
  Time since last request: 0.000596 seconds.
  path: Assets/Arts/GameBackground.png
  artifactKey: Guid(bb27d6701d03a304588cbfc3fffc9b5f) Importer(815301076,1909f56bfc062723c751e8b465ee728b)
Start importing Assets/Arts/GameBackground.png using Guid(bb27d6701d03a304588cbfc3fffc9b5f) Importer(815301076,1909f56bfc062723c751e8b465ee728b)  -> (artifact id: '1020bcb4edeace1f099d6671aeeaa73f') in 0.046564 seconds
  Import took 0.061479 seconds .

========================================================================
Received Import Request.
  Time since last request: 0.000680 seconds.
  path: Assets/Arts/GameStartScreen.png
  artifactKey: Guid(d157e857d8974d948b283dde8d4bed69) Importer(815301076,1909f56bfc062723c751e8b465ee728b)
Start importing Assets/Arts/GameStartScreen.png using Guid(d157e857d8974d948b283dde8d4bed69) Importer(815301076,1909f56bfc062723c751e8b465ee728b)  -> (artifact id: '55993dfa960979bd9c55edade493d6d9') in 0.040947 seconds
  Import took 0.052469 seconds .

========================================================================
Received Import Request.
  Time since last request: 35.402891 seconds.
  path: Assets/Arts/Player.png
  artifactKey: Guid(a9561429e17321f49ac551707a3fc3a5) Importer(815301076,1909f56bfc062723c751e8b465ee728b)
Start importing Assets/Arts/Player.png using Guid(a9561429e17321f49ac551707a3fc3a5) Importer(815301076,1909f56bfc062723c751e8b465ee728b)  -> (artifact id: '50d34b4d2bed39a721a63acf31e3ec3f') in 0.147960 seconds
  Import took 0.157826 seconds .

========================================================================
Received Import Request.
  Time since last request: 38.408025 seconds.
  path: Assets/Arts/Player.png
  artifactKey: Guid(a9561429e17321f49ac551707a3fc3a5) Importer(815301076,1909f56bfc062723c751e8b465ee728b)
Start importing Assets/Arts/Player.png using Guid(a9561429e17321f49ac551707a3fc3a5) Importer(815301076,1909f56bfc062723c751e8b465ee728b)  -> (artifact id: 'b6bac4128436e771f610dba0eaa6cfa2') in 0.148080 seconds
  Import took 0.155308 seconds .

========================================================================
Received Import Request.
  Time since last request: 49.284384 seconds.
  path: Assets/Scenes/SampleScene.unity
  artifactKey: Guid(2cda990e2423bbf4892e6590ba056729) Importer(815301076,1909f56bfc062723c751e8b465ee728b)
Start importing Assets/Scenes/SampleScene.unity using Guid(2cda990e2423bbf4892e6590ba056729) Importer(815301076,1909f56bfc062723c751e8b465ee728b)  -> (artifact id: 'aa27944bdea339c97c39027c7eea529c') in 0.021871 seconds
  Import took 0.028773 seconds .

========================================================================
Received Import Request.
  Time since last request: 21.546911 seconds.
  path: Assets/Scenes/MainScene.unity
  artifactKey: Guid(dbb7b57ca430c3f4cb960d4107eab8d5) Importer(815301076,1909f56bfc062723c751e8b465ee728b)
Start importing Assets/Scenes/MainScene.unity using Guid(dbb7b57ca430c3f4cb960d4107eab8d5) Importer(815301076,1909f56bfc062723c751e8b465ee728b)  -> (artifact id: 'e3aaf4d5aeedd8223fd4bc3d494aa17b') in 0.015433 seconds
  Import took 0.021341 seconds .

========================================================================
Received Prepare
Registering precompiled user dll's ...
Registered in 0.016661 seconds.
Begin MonoManager ReloadAssembly
Native extension for WindowsStandalone target not found
Refreshing native plugins compatible for Editor in 1.14 ms, found 3 plugins.
Preloading 0 native plugins for Editor in 0.00 ms.
Mono: successfully reloaded assembly
- Completed reload, in  2.037 seconds
Platform modules already initialized, skipping
Switching build target platform(19) subTarget(0) extendedPlatform(0) -> platform(13) subTarget(537395200) extendedPlatform(0)
Refreshing native plugins compatible for Editor in 0.82 ms, found 3 plugins.
Preloading 0 native plugins for Editor in 0.00 ms.
Unloading 2548 Unused Serialized files (Serialized files now loaded: 0)
System memory in use before: 108.7 MB.
System memory in use after: 108.8 MB.

Unloading 58 unused Assets to reduce memory usage. Loaded Objects now: 3017.
Total: 6.248800 ms (FindLiveObjects: 0.212000 ms CreateObjectMapping: 0.095600 ms MarkObjects: 5.800300 ms  DeleteObjects: 0.139200 ms)

AssetImportParameters requested are different than current active one (requested -> active):
  custom:graphics/normal-map-encoding: 01000000000000000000000000000000 -> 02000000000000000000000000000000
========================================================================
Received Prepare
Refreshing native plugins compatible for Editor in 28.62 ms, found 3 plugins.
Preloading 0 native plugins for Editor in 0.00 ms.
Unloading 55 Unused Serialized files (Serialized files now loaded: 0)
System memory in use before: 59.5 MB.
System memory in use after: 59.6 MB.

Unloading 55 unused Assets to reduce memory usage. Loaded Objects now: 3017.
Total: 6.294300 ms (FindLiveObjects: 0.237200 ms CreateObjectMapping: 0.117400 ms MarkObjects: 5.764800 ms  DeleteObjects: 0.171800 ms)

========================================================================
Received Import Request.
  Time since last request: 474.684241 seconds.
  path: Assets/Arts
  artifactKey: Guid(e6327a7e9c185c048918a38fd7df85d8) Importer(815301076,1909f56bfc062723c751e8b465ee728b)
Start importing Assets/Arts using Guid(e6327a7e9c185c048918a38fd7df85d8) Importer(815301076,1909f56bfc062723c751e8b465ee728b)  -> (artifact id: '3d14c394b4c219e9ea13b25b593ca45c') in 0.024385 seconds
  Import took 0.031445 seconds .

========================================================================
Received Import Request.
  Time since last request: 0.007352 seconds.
  path: Assets/Arts/Avatar.png
  artifactKey: Guid(53350871e59a46842a273b1c2a3d1b1a) Importer(815301076,1909f56bfc062723c751e8b465ee728b)
Start importing Assets/Arts/Avatar.png using Guid(53350871e59a46842a273b1c2a3d1b1a) Importer(815301076,1909f56bfc062723c751e8b465ee728b)  -> (artifact id: '198c0b68cb7725cc7df759d2b98c964b') in 0.103888 seconds
  Import took 0.111629 seconds .

========================================================================
Received Import Request.
  Time since last request: 0.000534 seconds.
  path: Assets/Arts/GameOverBackground.png
  artifactKey: Guid(64374abc2d5be454f948b70bcc809eab) Importer(815301076,1909f56bfc062723c751e8b465ee728b)
Start importing Assets/Arts/GameOverBackground.png using Guid(64374abc2d5be454f948b70bcc809eab) Importer(815301076,1909f56bfc062723c751e8b465ee728b)  -> (artifact id: 'd28006450c3d957c3e5a786011010f58') in 0.066422 seconds
  Import took 0.071418 seconds .

========================================================================
Received Import Request.
  Time since last request: 0.000620 seconds.
  path: Assets/Arts/Player.png
  artifactKey: Guid(a9561429e17321f49ac551707a3fc3a5) Importer(815301076,1909f56bfc062723c751e8b465ee728b)
Start importing Assets/Arts/Player.png using Guid(a9561429e17321f49ac551707a3fc3a5) Importer(815301076,1909f56bfc062723c751e8b465ee728b)  -> (artifact id: 'c49cb3cd298fc97ec3efe20039cfdf08') in 0.136930 seconds
  Import took 0.142029 seconds .

========================================================================
Received Import Request.
  Time since last request: 0.000544 seconds.
  path: Assets/Arts/GroundSprite.png
  artifactKey: Guid(fb44f9645167c554a87c4658e765ad25) Importer(815301076,1909f56bfc062723c751e8b465ee728b)
Start importing Assets/Arts/GroundSprite.png using Guid(fb44f9645167c554a87c4658e765ad25) Importer(815301076,1909f56bfc062723c751e8b465ee728b)  -> (artifact id: '8803a2ed3d45c98f2c78cbd994d4044a') in 0.059779 seconds
  Import took 0.067819 seconds .

========================================================================
Received Import Request.
  Time since last request: 0.000556 seconds.
  path: Assets/Arts/CoinSprite.png
  artifactKey: Guid(9415f31e848222f4dabeea70972fa27a) Importer(815301076,1909f56bfc062723c751e8b465ee728b)
Start importing Assets/Arts/CoinSprite.png using Guid(9415f31e848222f4dabeea70972fa27a) Importer(815301076,1909f56bfc062723c751e8b465ee728b)  -> (artifact id: 'c13d2b95770c7b9742556b570449f6b6') in 0.045177 seconds
  Import took 0.055985 seconds .

========================================================================
Received Import Request.
  Time since last request: 0.000630 seconds.
  path: Assets/Arts/PlayAgain.png
  artifactKey: Guid(658e566d15c39ec4193695b21a730ca8) Importer(815301076,1909f56bfc062723c751e8b465ee728b)
Start importing Assets/Arts/PlayAgain.png using Guid(658e566d15c39ec4193695b21a730ca8) Importer(815301076,1909f56bfc062723c751e8b465ee728b)  -> (artifact id: 'aea192a21e7c56dac713c1c4c093110f') in 0.038326 seconds
  Import took 0.043315 seconds .

========================================================================
Received Import Request.
  Time since last request: 0.000298 seconds.
  path: Assets/Arts/Quit.png
  artifactKey: Guid(87fa8841c58f35a4498faa562cf229a5) Importer(815301076,1909f56bfc062723c751e8b465ee728b)
Start importing Assets/Arts/Quit.png using Guid(87fa8841c58f35a4498faa562cf229a5) Importer(815301076,1909f56bfc062723c751e8b465ee728b)  -> (artifact id: '32964a1c52dc9117cde7abcc3fb9a001') in 0.029022 seconds
  Import took 0.035480 seconds .

========================================================================
Received Import Request.
  Time since last request: 0.000593 seconds.
  path: Assets/Arts/Play Now.png
  artifactKey: Guid(d8510b2e74cd36a4ba3592cc55f43326) Importer(815301076,1909f56bfc062723c751e8b465ee728b)
Start importing Assets/Arts/Play Now.png using Guid(d8510b2e74cd36a4ba3592cc55f43326) Importer(815301076,1909f56bfc062723c751e8b465ee728b)  -> (artifact id: '4b643a589acb0c63bd927cda3e4bf517') in 0.036399 seconds
  Import took 0.045780 seconds .

========================================================================
Received Import Request.
  Time since last request: 0.000594 seconds.
  path: Assets/Arts/GameBackground.png
  artifactKey: Guid(bb27d6701d03a304588cbfc3fffc9b5f) Importer(815301076,1909f56bfc062723c751e8b465ee728b)
Start importing Assets/Arts/GameBackground.png using Guid(bb27d6701d03a304588cbfc3fffc9b5f) Importer(815301076,1909f56bfc062723c751e8b465ee728b)  -> (artifact id: '44dd6d1ceaf03135af1ae1fa520b3a07') in 0.054354 seconds
  Import took 0.063180 seconds .

========================================================================
Received Import Request.
  Time since last request: 0.000505 seconds.
  path: Assets/Arts/GameStartScreen.png
  artifactKey: Guid(d157e857d8974d948b283dde8d4bed69) Importer(815301076,1909f56bfc062723c751e8b465ee728b)
Start importing Assets/Arts/GameStartScreen.png using Guid(d157e857d8974d948b283dde8d4bed69) Importer(815301076,1909f56bfc062723c751e8b465ee728b)  -> (artifact id: 'd95a42068b2b51b22ac7126feb737aeb') in 0.065119 seconds
  Import took 0.070011 seconds .

========================================================================
Received Import Request.
  Time since last request: 12.470849 seconds.
  path: Assets/Arts/New Animation.anim
  artifactKey: Guid(600cab1a35798054ba6a1ab6bdbd7246) Importer(815301076,1909f56bfc062723c751e8b465ee728b)
Start importing Assets/Arts/New Animation.anim using Guid(600cab1a35798054ba6a1ab6bdbd7246) Importer(815301076,1909f56bfc062723c751e8b465ee728b)  -> (artifact id: '8e37bbb7169394543d6c0453769a1f71') in 0.045988 seconds
  Import took 0.063738 seconds .

========================================================================
Received Import Request.
  Time since last request: 0.001608 seconds.
  path: Assets/Arts/New Animation.anim
  artifactKey: Guid(600cab1a35798054ba6a1ab6bdbd7246) Importer(815301076,1909f56bfc062723c751e8b465ee728b)
Start importing Assets/Arts/New Animation.anim using Guid(600cab1a35798054ba6a1ab6bdbd7246) Importer(815301076,1909f56bfc062723c751e8b465ee728b)  -> (artifact id: '8e37bbb7169394543d6c0453769a1f71') in 0.016116 seconds
  Import took 0.029925 seconds .

========================================================================
Received Import Request.
  Time since last request: 8.470583 seconds.
  path: Assets/Arts/Player.anim
  artifactKey: Guid(600cab1a35798054ba6a1ab6bdbd7246) Importer(815301076,1909f56bfc062723c751e8b465ee728b)
Start importing Assets/Arts/Player.anim using Guid(600cab1a35798054ba6a1ab6bdbd7246) Importer(815301076,1909f56bfc062723c751e8b465ee728b)  -> (artifact id: '9850c360eac1fd88a0d2197ac28f7cbc') in 0.006734 seconds
  Import took 0.016164 seconds .

========================================================================
Received Import Request.
  Time since last request: 52.533578 seconds.
  path: Assets/Arts/Square.png
  artifactKey: Guid(ca781c247b6b38e43a891c8f82849fdf) Importer(815301076,1909f56bfc062723c751e8b465ee728b)
Start importing Assets/Arts/Square.png using Guid(ca781c247b6b38e43a891c8f82849fdf) Importer(815301076,1909f56bfc062723c751e8b465ee728b)  -> (artifact id: '25639b2045e5a5b953086411a53cdeee') in 0.030325 seconds
  Import took 0.035439 seconds .

========================================================================
Received Prepare
Registering precompiled user dll's ...
Registered in 0.010813 seconds.
Begin MonoManager ReloadAssembly
Native extension for WindowsStandalone target not found
Refreshing native plugins compatible for Editor in 0.96 ms, found 3 plugins.
Preloading 0 native plugins for Editor in 0.00 ms.
Mono: successfully reloaded assembly
- Completed reload, in  1.965 seconds
Platform modules already initialized, skipping
Switching build target platform(19) subTarget(0) extendedPlatform(0) -> platform(13) subTarget(537395200) extendedPlatform(0)
Refreshing native plugins compatible for Editor in 0.78 ms, found 3 plugins.
Preloading 0 native plugins for Editor in 0.00 ms.
Unloading 2548 Unused Serialized files (Serialized files now loaded: 0)
System memory in use before: 108.7 MB.
System memory in use after: 108.8 MB.

Unloading 57 unused Assets to reduce memory usage. Loaded Objects now: 3022.
Total: 14.024600 ms (FindLiveObjects: 0.635300 ms CreateObjectMapping: 0.419900 ms MarkObjects: 12.771300 ms  DeleteObjects: 0.194700 ms)

AssetImportParameters requested are different than current active one (requested -> active):
  custom:graphics/normal-map-encoding: 01000000000000000000000000000000 -> 02000000000000000000000000000000
========================================================================
Received Import Request.
  Time since last request: 97.052469 seconds.
  path: Assets
  artifactKey: Guid(00000000000000001000000000000000) Importer(815301076,1909f56bfc062723c751e8b465ee728b)
Start importing Assets using Guid(00000000000000001000000000000000) Importer(815301076,1909f56bfc062723c751e8b465ee728b)  -> (artifact id: '42d402b061de3733987d63b9cc3b64de') in 0.019610 seconds
  Import took 0.025161 seconds .

========================================================================
Received Import Request.
  Time since last request: 4.309633 seconds.
  path: Assets/Scripts
  artifactKey: Guid(8ac6750feccd8e0439d4bdb6dc1f36bb) Importer(815301076,1909f56bfc062723c751e8b465ee728b)
Start importing Assets/Scripts using Guid(8ac6750feccd8e0439d4bdb6dc1f36bb) Importer(815301076,1909f56bfc062723c751e8b465ee728b)  -> (artifact id: '4facc3d62b808faeafc481ab7c0f9d7d') in 0.016435 seconds
  Import took 0.021379 seconds .

========================================================================
Received Import Request.
  Time since last request: 17.042319 seconds.
  path: Assets/Scripts/Player.cs
  artifactKey: Guid(d99d7dfc31a52ca4691a0edd6a9c0567) Importer(815301076,1909f56bfc062723c751e8b465ee728b)
Start importing Assets/Scripts/Player.cs using Guid(d99d7dfc31a52ca4691a0edd6a9c0567) Importer(815301076,1909f56bfc062723c751e8b465ee728b)  -> (artifact id: 'fd020a7762d9285582d2af875345e231') in 0.123250 seconds
  Import took 0.132053 seconds .

========================================================================
Received Prepare
Registering precompiled user dll's ...
Registered in 0.032877 seconds.
Begin MonoManager ReloadAssembly
Native extension for WindowsStandalone target not found
Refreshing native plugins compatible for Editor in 0.77 ms, found 3 plugins.
Preloading 0 native plugins for Editor in 0.00 ms.
Mono: successfully reloaded assembly
- Completed reload, in  1.645 seconds
Platform modules already initialized, skipping
Switching build target platform(19) subTarget(0) extendedPlatform(0) -> platform(13) subTarget(537395200) extendedPlatform(0)
Refreshing native plugins compatible for Editor in 0.69 ms, found 3 plugins.
Preloading 0 native plugins for Editor in 0.00 ms.
Unloading 2549 Unused Serialized files (Serialized files now loaded: 0)
System memory in use before: 108.9 MB.
System memory in use after: 108.9 MB.

Unloading 57 unused Assets to reduce memory usage. Loaded Objects now: 3027.
Total: 6.185400 ms (FindLiveObjects: 0.232700 ms CreateObjectMapping: 0.111500 ms MarkObjects: 5.652100 ms  DeleteObjects: 0.187800 ms)

AssetImportParameters requested are different than current active one (requested -> active):
  custom:graphics/normal-map-encoding: 01000000000000000000000000000000 -> 02000000000000000000000000000000
========================================================================
Received Prepare
Registering precompiled user dll's ...
Registered in 0.103601 seconds.
Begin MonoManager ReloadAssembly
Native extension for WindowsStandalone target not found
Refreshing native plugins compatible for Editor in 1.18 ms, found 3 plugins.
Preloading 0 native plugins for Editor in 0.00 ms.
Mono: successfully reloaded assembly
- Completed reload, in  1.859 seconds
Platform modules already initialized, skipping
Switching build target platform(19) subTarget(0) extendedPlatform(0) -> platform(13) subTarget(537395200) extendedPlatform(0)
Refreshing native plugins compatible for Editor in 0.80 ms, found 3 plugins.
Preloading 0 native plugins for Editor in 0.00 ms.
Unloading 2549 Unused Serialized files (Serialized files now loaded: 0)
System memory in use before: 108.9 MB.
System memory in use after: 109.0 MB.

Unloading 57 unused Assets to reduce memory usage. Loaded Objects now: 3031.
Total: 6.408300 ms (FindLiveObjects: 0.526700 ms CreateObjectMapping: 0.172300 ms MarkObjects: 5.548300 ms  DeleteObjects: 0.158800 ms)

AssetImportParameters requested are different than current active one (requested -> active):
  custom:graphics/normal-map-encoding: 01000000000000000000000000000000 -> 02000000000000000000000000000000
========================================================================
Received Import Request.
  Time since last request: 281.999832 seconds.
  path: Assets/Scripts/Player.cs
  artifactKey: Guid(d99d7dfc31a52ca4691a0edd6a9c0567) Importer(815301076,1909f56bfc062723c751e8b465ee728b)
Start importing Assets/Scripts/Player.cs using Guid(d99d7dfc31a52ca4691a0edd6a9c0567) Importer(815301076,1909f56bfc062723c751e8b465ee728b)  -> (artifact id: '5d0d216cb5b484aa4a22102a4825e4c3') in 0.009340 seconds
  Import took 0.014277 seconds .

========================================================================
Received Prepare
Registering precompiled user dll's ...
Registered in 0.016672 seconds.
Begin MonoManager ReloadAssembly
Native extension for WindowsStandalone target not found
Refreshing native plugins compatible for Editor in 0.90 ms, found 3 plugins.
Preloading 0 native plugins for Editor in 0.00 ms.
Mono: successfully reloaded assembly
- Completed reload, in  2.151 seconds
Platform modules already initialized, skipping
Switching build target platform(19) subTarget(0) extendedPlatform(0) -> platform(13) subTarget(537395200) extendedPlatform(0)
Refreshing native plugins compatible for Editor in 4.40 ms, found 3 plugins.
Preloading 0 native plugins for Editor in 0.00 ms.
Unloading 2549 Unused Serialized files (Serialized files now loaded: 0)
System memory in use before: 108.8 MB.
System memory in use after: 108.9 MB.

Unloading 57 unused Assets to reduce memory usage. Loaded Objects now: 3035.
Total: 12.670300 ms (FindLiveObjects: 0.312300 ms CreateObjectMapping: 0.151600 ms MarkObjects: 11.959500 ms  DeleteObjects: 0.244400 ms)

AssetImportParameters requested are different than current active one (requested -> active):
  custom:graphics/normal-map-encoding: 01000000000000000000000000000000 -> 02000000000000000000000000000000
========================================================================
Received Import Request.
  Time since last request: 60.127783 seconds.
  path: Assets/Fonts/Lourdes Regular.otf
  artifactKey: Guid(b4a9ea12fd179364194ba44895683fc3) Importer(815301076,1909f56bfc062723c751e8b465ee728b)
Start importing Assets/Fonts/Lourdes Regular.otf using Guid(b4a9ea12fd179364194ba44895683fc3) Importer(815301076,1909f56bfc062723c751e8b465ee728b)  -> (artifact id: '2c6c61a49bdbe93818f7f06647e0327b') in 0.109382 seconds
  Import took 0.115971 seconds .

========================================================================
Received Import Request.
  Time since last request: 4.220881 seconds.
  path: Assets/Arts/Player.controller
  artifactKey: Guid(51285d96875f6b445b2257841300ae31) Importer(815301076,1909f56bfc062723c751e8b465ee728b)
Start importing Assets/Arts/Player.controller using Guid(51285d96875f6b445b2257841300ae31) Importer(815301076,1909f56bfc062723c751e8b465ee728b)  -> (artifact id: 'c0a6b55aed4b343edcc670ce34a780cf') in 0.021237 seconds
  Import took 0.028297 seconds .

========================================================================
Received Import Request.
  Time since last request: 73.862326 seconds.
  path: Assets/Arts/Player_Run.anim
  artifactKey: Guid(600cab1a35798054ba6a1ab6bdbd7246) Importer(815301076,1909f56bfc062723c751e8b465ee728b)
Start importing Assets/Arts/Player_Run.anim using Guid(600cab1a35798054ba6a1ab6bdbd7246) Importer(815301076,1909f56bfc062723c751e8b465ee728b)  -> (artifact id: '43e27b40559624207aaa1c3761e241af') in 0.017886 seconds
  Import took 0.023569 seconds .

========================================================================
Received Prepare
Registering precompiled user dll's ...
Registered in 0.014541 seconds.
Begin MonoManager ReloadAssembly
Native extension for WindowsStandalone target not found
Refreshing native plugins compatible for Editor in 1.12 ms, found 3 plugins.
Preloading 0 native plugins for Editor in 0.00 ms.
Mono: successfully reloaded assembly
- Completed reload, in  1.872 seconds
Platform modules already initialized, skipping
Switching build target platform(19) subTarget(0) extendedPlatform(0) -> platform(13) subTarget(537395200) extendedPlatform(0)
Refreshing native plugins compatible for Editor in 0.89 ms, found 3 plugins.
Preloading 0 native plugins for Editor in 0.00 ms.
Unloading 2549 Unused Serialized files (Serialized files now loaded: 0)
System memory in use before: 108.9 MB.
System memory in use after: 109.0 MB.

Unloading 57 unused Assets to reduce memory usage. Loaded Objects now: 3041.
Total: 10.101000 ms (FindLiveObjects: 0.646800 ms CreateObjectMapping: 0.359800 ms MarkObjects: 8.829200 ms  DeleteObjects: 0.261200 ms)

AssetImportParameters requested are different than current active one (requested -> active):
  custom:graphics/normal-map-encoding: 01000000000000000000000000000000 -> 02000000000000000000000000000000
========================================================================
Received Prepare
Registering precompiled user dll's ...
Registered in 0.020076 seconds.
Begin MonoManager ReloadAssembly
Native extension for WindowsStandalone target not found
Refreshing native plugins compatible for Editor in 2.36 ms, found 3 plugins.
Preloading 0 native plugins for Editor in 0.00 ms.
Mono: successfully reloaded assembly
- Completed reload, in  2.894 seconds
Platform modules already initialized, skipping
Switching build target platform(19) subTarget(0) extendedPlatform(0) -> platform(13) subTarget(537395200) extendedPlatform(0)
Refreshing native plugins compatible for Editor in 2.06 ms, found 3 plugins.
Preloading 0 native plugins for Editor in 0.00 ms.
Unloading 2549 Unused Serialized files (Serialized files now loaded: 0)
System memory in use before: 108.9 MB.
System memory in use after: 109.0 MB.

Unloading 57 unused Assets to reduce memory usage. Loaded Objects now: 3045.
Total: 12.690100 ms (FindLiveObjects: 0.633700 ms CreateObjectMapping: 0.269900 ms MarkObjects: 11.480300 ms  DeleteObjects: 0.293500 ms)

AssetImportParameters requested are different than current active one (requested -> active):
  custom:graphics/normal-map-encoding: 01000000000000000000000000000000 -> 02000000000000000000000000000000
========================================================================
Received Prepare
Registering precompiled user dll's ...
Registered in 0.033649 seconds.
Begin MonoManager ReloadAssembly
Native extension for WindowsStandalone target not found
Refreshing native plugins compatible for Editor in 1.16 ms, found 3 plugins.
Preloading 0 native plugins for Editor in 0.00 ms.
Mono: successfully reloaded assembly
- Completed reload, in  3.207 seconds
Platform modules already initialized, skipping
Switching build target platform(19) subTarget(0) extendedPlatform(0) -> platform(13) subTarget(537395200) extendedPlatform(0)
Refreshing native plugins compatible for Editor in 0.80 ms, found 3 plugins.
Preloading 0 native plugins for Editor in 0.00 ms.
Unloading 2549 Unused Serialized files (Serialized files now loaded: 0)
System memory in use before: 108.9 MB.
System memory in use after: 109.0 MB.

Unloading 57 unused Assets to reduce memory usage. Loaded Objects now: 3049.
Total: 6.225700 ms (FindLiveObjects: 0.205800 ms CreateObjectMapping: 0.109100 ms MarkObjects: 5.764200 ms  DeleteObjects: 0.145100 ms)

AssetImportParameters requested are different than current active one (requested -> active):
  custom:graphics/normal-map-encoding: 01000000000000000000000000000000 -> 02000000000000000000000000000000
========================================================================
Received Import Request.
  Time since last request: 925.792887 seconds.
  path: Assets/Arts/GroundSprite.png
  artifactKey: Guid(fb44f9645167c554a87c4658e765ad25) Importer(815301076,1909f56bfc062723c751e8b465ee728b)
Start importing Assets/Arts/GroundSprite.png using Guid(fb44f9645167c554a87c4658e765ad25) Importer(815301076,1909f56bfc062723c751e8b465ee728b)  -> (artifact id: '09cda7d7529ad593978bc31f01521226') in 0.092752 seconds
  Import took 0.100481 seconds .

========================================================================
Received Import Request.
  Time since last request: 29.649645 seconds.
  path: Assets/Arts/GroundSprite.png
  artifactKey: Guid(fb44f9645167c554a87c4658e765ad25) Importer(815301076,1909f56bfc062723c751e8b465ee728b)
Start importing Assets/Arts/GroundSprite.png using Guid(fb44f9645167c554a87c4658e765ad25) Importer(815301076,1909f56bfc062723c751e8b465ee728b)  -> (artifact id: '6bf9cadb23bdb5c25be5d28e867e3cdb') in 0.145505 seconds
  Import took 0.153887 seconds .

========================================================================
Received Import Request.
  Time since last request: 658.155795 seconds.
  path: Assets/Prefabs
  artifactKey: Guid(7d4d856fee390e84a9a11fb9c4fbe77a) Importer(815301076,1909f56bfc062723c751e8b465ee728b)
Start importing Assets/Prefabs using Guid(7d4d856fee390e84a9a11fb9c4fbe77a) Importer(815301076,1909f56bfc062723c751e8b465ee728b)  -> (artifact id: 'ef07921c80a0cfb15c9f663ac5dd10b0') in 0.024070 seconds
  Import took 0.034852 seconds .

========================================================================
Received Import Request.
  Time since last request: 182.354878 seconds.
  path: Assets/Prefabs/SmallGround.prefab
  artifactKey: Guid(478d42a9c6e84464f8e7eebe6e0aedd8) Importer(815301076,1909f56bfc062723c751e8b465ee728b)
Start importing Assets/Prefabs/SmallGround.prefab using Guid(478d42a9c6e84464f8e7eebe6e0aedd8) Importer(815301076,1909f56bfc062723c751e8b465ee728b)  -> (artifact id: '47319ac68e41ed8cfceb54416e5e3a8c') in 0.161510 seconds
  Import took 0.170372 seconds .

========================================================================
Received Import Request.
  Time since last request: 2.407352 seconds.
  path: Assets/Prefabs/MediumGround.prefab
  artifactKey: Guid(f4138a8877b88aa4cb8b17f9ff2dc735) Importer(815301076,1909f56bfc062723c751e8b465ee728b)
Start importing Assets/Prefabs/MediumGround.prefab using Guid(f4138a8877b88aa4cb8b17f9ff2dc735) Importer(815301076,1909f56bfc062723c751e8b465ee728b)  -> (artifact id: '4a0a4be79aa3529b269cf25b2c36c396') in 0.057571 seconds
  Import took 0.068242 seconds .

========================================================================
Received Import Request.
  Time since last request: 0.007612 seconds.
  path: Assets/Prefabs/MediumGround.prefab
  artifactKey: Guid(f4138a8877b88aa4cb8b17f9ff2dc735) Importer(815301076,1909f56bfc062723c751e8b465ee728b)
Start importing Assets/Prefabs/MediumGround.prefab using Guid(f4138a8877b88aa4cb8b17f9ff2dc735) Importer(815301076,1909f56bfc062723c751e8b465ee728b)  -> (artifact id: '4a0a4be79aa3529b269cf25b2c36c396') in 0.056092 seconds
  Import took 0.066518 seconds .

========================================================================
Received Import Request.
  Time since last request: 1.432829 seconds.
  path: Assets/Prefabs/LargeGround.prefab
  artifactKey: Guid(1c433b90abe5ff04c9fd35ecb11ba05d) Importer(815301076,1909f56bfc062723c751e8b465ee728b)
Start importing Assets/Prefabs/LargeGround.prefab using Guid(1c433b90abe5ff04c9fd35ecb11ba05d) Importer(815301076,1909f56bfc062723c751e8b465ee728b)  -> (artifact id: '5a20da88994c704bb31f47ea730c05ab') in 0.051609 seconds
  Import took 0.063032 seconds .

========================================================================
Received Prepare
Registering precompiled user dll's ...
Registered in 0.014397 seconds.
Begin MonoManager ReloadAssembly
Native extension for WindowsStandalone target not found
Refreshing native plugins compatible for Editor in 0.80 ms, found 3 plugins.
Preloading 0 native plugins for Editor in 0.00 ms.
Mono: successfully reloaded assembly
- Completed reload, in  1.615 seconds
Platform modules already initialized, skipping
Switching build target platform(19) subTarget(0) extendedPlatform(0) -> platform(13) subTarget(537395200) extendedPlatform(0)
Refreshing native plugins compatible for Editor in 0.75 ms, found 3 plugins.
Preloading 0 native plugins for Editor in 0.00 ms.
Unloading 2549 Unused Serialized files (Serialized files now loaded: 0)
System memory in use before: 109.0 MB.
System memory in use after: 109.1 MB.

Unloading 57 unused Assets to reduce memory usage. Loaded Objects now: 3054.
Total: 5.963800 ms (FindLiveObjects: 0.294500 ms CreateObjectMapping: 0.105200 ms MarkObjects: 5.428200 ms  DeleteObjects: 0.134400 ms)

AssetImportParameters requested are different than current active one (requested -> active):
  custom:graphics/normal-map-encoding: 01000000000000000000000000000000 -> 02000000000000000000000000000000
========================================================================
Received Import Request.
  Time since last request: 69.943002 seconds.
  path: ProjectSettings/TagManager.asset
  artifactKey: Guid(00000000000000003000000000000000) Importer(815301076,1909f56bfc062723c751e8b465ee728b)
Start importing ProjectSettings/TagManager.asset using Guid(00000000000000003000000000000000) Importer(815301076,1909f56bfc062723c751e8b465ee728b)  -> (artifact id: '95df672b4aaba54310d34c83eef51bb8') in 0.044942 seconds
  Import took 0.049826 seconds .

========================================================================
Received Import Request.
  Time since last request: 39.591119 seconds.
  path: Assets/Prefabs/LargeGround.prefab
  artifactKey: Guid(1c433b90abe5ff04c9fd35ecb11ba05d) Importer(815301076,1909f56bfc062723c751e8b465ee728b)
Start importing Assets/Prefabs/LargeGround.prefab using Guid(1c433b90abe5ff04c9fd35ecb11ba05d) Importer(815301076,1909f56bfc062723c751e8b465ee728b)  -> (artifact id: '57c1984333aa66bb2eaa017c42a16093') in 0.096688 seconds
  Import took 0.103312 seconds .

========================================================================
Received Import Request.
  Time since last request: 18.160505 seconds.
  path: Assets/Prefabs/MediumGround.prefab
  artifactKey: Guid(f4138a8877b88aa4cb8b17f9ff2dc735) Importer(815301076,1909f56bfc062723c751e8b465ee728b)
Start importing Assets/Prefabs/MediumGround.prefab using Guid(f4138a8877b88aa4cb8b17f9ff2dc735) Importer(815301076,1909f56bfc062723c751e8b465ee728b)  -> (artifact id: '69fa6f0a8a07b6d1e30a47f3ce13a61a') in 0.040236 seconds
  Import took 0.049347 seconds .

========================================================================
Received Import Request.
  Time since last request: 8.058269 seconds.
  path: Assets/Prefabs/SmallGround.prefab
  artifactKey: Guid(478d42a9c6e84464f8e7eebe6e0aedd8) Importer(815301076,1909f56bfc062723c751e8b465ee728b)
Start importing Assets/Prefabs/SmallGround.prefab using Guid(478d42a9c6e84464f8e7eebe6e0aedd8) Importer(815301076,1909f56bfc062723c751e8b465ee728b)  -> (artifact id: '5ce47e3a344a5e5a0fc8c703eb040daf') in 0.046735 seconds
  Import took 0.054610 seconds .

========================================================================
Received Prepare
Registering precompiled user dll's ...
Registered in 0.013696 seconds.
Begin MonoManager ReloadAssembly
Native extension for WindowsStandalone target not found
Refreshing native plugins compatible for Editor in 0.82 ms, found 3 plugins.
Preloading 0 native plugins for Editor in 0.00 ms.
Mono: successfully reloaded assembly
- Completed reload, in  2.420 seconds
Platform modules already initialized, skipping
Switching build target platform(19) subTarget(0) extendedPlatform(0) -> platform(13) subTarget(537395200) extendedPlatform(0)
Refreshing native plugins compatible for Editor in 1.37 ms, found 3 plugins.
Preloading 0 native plugins for Editor in 0.00 ms.
Unloading 2549 Unused Serialized files (Serialized files now loaded: 0)
System memory in use before: 109.0 MB.
System memory in use after: 109.0 MB.

Unloading 58 unused Assets to reduce memory usage. Loaded Objects now: 3059.
Total: 7.069600 ms (FindLiveObjects: 0.291300 ms CreateObjectMapping: 0.108000 ms MarkObjects: 6.455400 ms  DeleteObjects: 0.213100 ms)

AssetImportParameters requested are different than current active one (requested -> active):
  custom:graphics/normal-map-encoding: 01000000000000000000000000000000 -> 02000000000000000000000000000000
========================================================================
Received Import Request.
  Time since last request: 789.519805 seconds.
  path: Assets/Scripts/CameraController.cs
  artifactKey: Guid(e06cf870eff145241a319c0af02a2510) Importer(815301076,1909f56bfc062723c751e8b465ee728b)
Start importing Assets/Scripts/CameraController.cs using Guid(e06cf870eff145241a319c0af02a2510) Importer(815301076,1909f56bfc062723c751e8b465ee728b)  -> (artifact id: 'e077b4b00ea96aa9d7315045a73bc124') in 0.030958 seconds
  Import took 0.041886 seconds .

========================================================================
Received Import Request.
  Time since last request: 0.008947 seconds.
  path: Assets/Scripts/CameraController.cs
  artifactKey: Guid(e06cf870eff145241a319c0af02a2510) Importer(815301076,1909f56bfc062723c751e8b465ee728b)
Start importing Assets/Scripts/CameraController.cs using Guid(e06cf870eff145241a319c0af02a2510) Importer(815301076,1909f56bfc062723c751e8b465ee728b)  -> (artifact id: 'e077b4b00ea96aa9d7315045a73bc124') in 0.012391 seconds
  Import took 0.019706 seconds .

========================================================================
Received Prepare
Registering precompiled user dll's ...
Registered in 0.022183 seconds.
Begin MonoManager ReloadAssembly
Native extension for WindowsStandalone target not found
Refreshing native plugins compatible for Editor in 0.71 ms, found 3 plugins.
Preloading 0 native plugins for Editor in 0.00 ms.
Mono: successfully reloaded assembly
- Completed reload, in  1.642 seconds
Platform modules already initialized, skipping
Switching build target platform(19) subTarget(0) extendedPlatform(0) -> platform(13) subTarget(537395200) extendedPlatform(0)
Refreshing native plugins compatible for Editor in 0.91 ms, found 3 plugins.
Preloading 0 native plugins for Editor in 0.00 ms.
Unloading 2550 Unused Serialized files (Serialized files now loaded: 0)
System memory in use before: 109.1 MB.
System memory in use after: 109.2 MB.

Unloading 57 unused Assets to reduce memory usage. Loaded Objects now: 3064.
Total: 6.382300 ms (FindLiveObjects: 0.276200 ms CreateObjectMapping: 0.111300 ms MarkObjects: 5.752700 ms  DeleteObjects: 0.240100 ms)

AssetImportParameters requested are different than current active one (requested -> active):
  custom:graphics/normal-map-encoding: 01000000000000000000000000000000 -> 02000000000000000000000000000000
========================================================================
Received Prepare
Registering precompiled user dll's ...
Registered in 0.014587 seconds.
Begin MonoManager ReloadAssembly
Native extension for WindowsStandalone target not found
Refreshing native plugins compatible for Editor in 0.90 ms, found 3 plugins.
Preloading 0 native plugins for Editor in 0.00 ms.
Mono: successfully reloaded assembly
- Completed reload, in  1.567 seconds
Platform modules already initialized, skipping
Switching build target platform(19) subTarget(0) extendedPlatform(0) -> platform(13) subTarget(537395200) extendedPlatform(0)
Refreshing native plugins compatible for Editor in 0.81 ms, found 3 plugins.
Preloading 0 native plugins for Editor in 0.00 ms.
Unloading 2550 Unused Serialized files (Serialized files now loaded: 0)
System memory in use before: 109.1 MB.
System memory in use after: 109.2 MB.

Unloading 57 unused Assets to reduce memory usage. Loaded Objects now: 3068.
Total: 7.885800 ms (FindLiveObjects: 0.412400 ms CreateObjectMapping: 0.094300 ms MarkObjects: 7.109100 ms  DeleteObjects: 0.268500 ms)

AssetImportParameters requested are different than current active one (requested -> active):
  custom:graphics/normal-map-encoding: 01000000000000000000000000000000 -> 02000000000000000000000000000000
========================================================================
Received Import Request.
  Time since last request: 290.048098 seconds.
  path: Assets/Scripts/CameraController.cs
  artifactKey: Guid(e06cf870eff145241a319c0af02a2510) Importer(815301076,1909f56bfc062723c751e8b465ee728b)
Start importing Assets/Scripts/CameraController.cs using Guid(e06cf870eff145241a319c0af02a2510) Importer(815301076,1909f56bfc062723c751e8b465ee728b)  -> (artifact id: '50e17acc5f3ad9d715a3ca40e1fc9c41') in 0.008840 seconds
  Import took 0.013987 seconds .

========================================================================
Received Prepare
Registering precompiled user dll's ...
Registered in 0.041429 seconds.
Begin MonoManager ReloadAssembly
Native extension for WindowsStandalone target not found
Refreshing native plugins compatible for Editor in 0.70 ms, found 3 plugins.
Preloading 0 native plugins for Editor in 0.00 ms.
Mono: successfully reloaded assembly
- Completed reload, in  2.121 seconds
Platform modules already initialized, skipping
Switching build target platform(19) subTarget(0) extendedPlatform(0) -> platform(13) subTarget(537395200) extendedPlatform(0)
Refreshing native plugins compatible for Editor in 0.77 ms, found 3 plugins.
Preloading 0 native plugins for Editor in 0.00 ms.
Unloading 2550 Unused Serialized files (Serialized files now loaded: 0)
System memory in use before: 109.1 MB.
System memory in use after: 109.2 MB.

Unloading 57 unused Assets to reduce memory usage. Loaded Objects now: 3072.
Total: 6.645900 ms (FindLiveObjects: 0.227400 ms CreateObjectMapping: 0.079900 ms MarkObjects: 6.152500 ms  DeleteObjects: 0.184400 ms)

AssetImportParameters requested are different than current active one (requested -> active):
  custom:graphics/normal-map-encoding: 01000000000000000000000000000000 -> 02000000000000000000000000000000
========================================================================
Received Prepare
Registering precompiled user dll's ...
Registered in 0.010978 seconds.
Begin MonoManager ReloadAssembly
Native extension for WindowsStandalone target not found
Refreshing native plugins compatible for Editor in 0.87 ms, found 3 plugins.
Preloading 0 native plugins for Editor in 0.00 ms.
Mono: successfully reloaded assembly
- Completed reload, in  1.804 seconds
Platform modules already initialized, skipping
Switching build target platform(19) subTarget(0) extendedPlatform(0) -> platform(13) subTarget(537395200) extendedPlatform(0)
Refreshing native plugins compatible for Editor in 1.18 ms, found 3 plugins.
Preloading 0 native plugins for Editor in 0.00 ms.
Unloading 2550 Unused Serialized files (Serialized files now loaded: 0)
System memory in use before: 109.1 MB.
System memory in use after: 109.2 MB.

Unloading 57 unused Assets to reduce memory usage. Loaded Objects now: 3076.
Total: 11.710100 ms (FindLiveObjects: 0.592600 ms CreateObjectMapping: 0.206100 ms MarkObjects: 10.527700 ms  DeleteObjects: 0.375400 ms)

AssetImportParameters requested are different than current active one (requested -> active):
  custom:graphics/normal-map-encoding: 01000000000000000000000000000000 -> 02000000000000000000000000000000
========================================================================
Received Prepare
Registering precompiled user dll's ...
Registered in 0.011861 seconds.
Begin MonoManager ReloadAssembly
Native extension for WindowsStandalone target not found
Refreshing native plugins compatible for Editor in 0.85 ms, found 3 plugins.
Preloading 0 native plugins for Editor in 0.00 ms.
Mono: successfully reloaded assembly
- Completed reload, in  1.749 seconds
Platform modules already initialized, skipping
Switching build target platform(19) subTarget(0) extendedPlatform(0) -> platform(13) subTarget(537395200) extendedPlatform(0)
Refreshing native plugins compatible for Editor in 1.01 ms, found 3 plugins.
Preloading 0 native plugins for Editor in 0.00 ms.
Unloading 2550 Unused Serialized files (Serialized files now loaded: 0)
System memory in use before: 109.0 MB.
System memory in use after: 109.1 MB.

Unloading 57 unused Assets to reduce memory usage. Loaded Objects now: 3080.
Total: 6.220600 ms (FindLiveObjects: 0.310400 ms CreateObjectMapping: 0.087400 ms MarkObjects: 5.598400 ms  DeleteObjects: 0.221800 ms)

AssetImportParameters requested are different than current active one (requested -> active):
  custom:graphics/normal-map-encoding: 01000000000000000000000000000000 -> 02000000000000000000000000000000
========================================================================
Received Prepare
Registering precompiled user dll's ...
Registered in 0.012028 seconds.
Begin MonoManager ReloadAssembly
Native extension for WindowsStandalone target not found
Refreshing native plugins compatible for Editor in 0.92 ms, found 3 plugins.
Preloading 0 native plugins for Editor in 0.00 ms.
Mono: successfully reloaded assembly
- Completed reload, in  1.468 seconds
Platform modules already initialized, skipping
Switching build target platform(19) subTarget(0) extendedPlatform(0) -> platform(13) subTarget(537395200) extendedPlatform(0)
Refreshing native plugins compatible for Editor in 0.80 ms, found 3 plugins.
Preloading 0 native plugins for Editor in 0.00 ms.
Unloading 2550 Unused Serialized files (Serialized files now loaded: 0)
System memory in use before: 109.1 MB.
System memory in use after: 109.2 MB.

Unloading 57 unused Assets to reduce memory usage. Loaded Objects now: 3084.
Total: 6.407400 ms (FindLiveObjects: 0.201800 ms CreateObjectMapping: 0.088600 ms MarkObjects: 5.925600 ms  DeleteObjects: 0.190000 ms)

AssetImportParameters requested are different than current active one (requested -> active):
  custom:graphics/normal-map-encoding: 01000000000000000000000000000000 -> 02000000000000000000000000000000
AssetImportWorkerClient::OnTransportError - code=2 error=End of file
